Симметричное отражение группы точек:
A: {20,00; 100,00}
B: {20,00; 140,00}
C: {50,00; 100,00}
 относительно прямой через начало координат под углом к оси 0X = 90. Матрица преобразования:
-1,00	0,00	0,00	
0,00	1,00	0,00	
0,00	0,00	1,00	
Новые координаты:
A1: {-20,00; 100,00}
B1: {-20,00; 140,00}
C1: {-50,00; 100,00}


Симметричное отражение группы точек:
A1: {-20,00; 100,00}
B1: {-20,00; 140,00}
C1: {-50,00; 100,00}
 относительно прямой через начало координат под углом к оси 0X = 0. Матрица преобразования:
1,00	0,00	0,00	
0,00	-1,00	0,00	
0,00	0,00	1,00	
Новые координаты:
A2: {-20,00; -100,00}
B2: {-20,00; -140,00}
C2: {-50,00; -100,00}


Смещение группы точек:
A2: {-20,00; -100,00}
B2: {-20,00; -140,00}
C2: {-50,00; -100,00}
на вектор {X=0,Y=80}. Матрица преобразования:
1,00	0,00	0,00	
0,00	1,00	0,00	
0,00	80,00	1,00	
Новые координаты:
A3: {-20,00; -20,00}
B3: {-20,00; -60,00}
C3: {-50,00; -20,00}


Масштабирование группы точек:
A3: {-20,00; -20,00}
B3: {-20,00; -60,00}
C3: {-50,00; -20,00}
относительно точки {X=0,Y=0} с коэфициентами {X=-2,00; Y=-2,00}. Матрица преобразования:
-2,00	0,00	0,00	
0,00	-2,00	0,00	
0,00	0,00	1,00	
Новые координаты:
A4: {40,00; 40,00}
B4: {40,00; 120,00}
C4: {100,00; 40,00}


Масштабирование группы точек:
A4: {40,00; 40,00}
B4: {40,00; 120,00}
C4: {100,00; 40,00}
относительно точки {X=180,Y=180} с коэфициентами {X=0,50; Y=0,50}. Матрица преобразования:
0,50	0,00	0,00	
0,00	0,50	0,00	
90,00	90,00	1,00	
Новые координаты:
A5: {110,00; 110,00}
B5: {110,00; 150,00}
C5: {140,00; 110,00}


Поворот группы точек:
A5: {110,00; 110,00}
B5: {110,00; 150,00}
C5: {140,00; 110,00}
относительно точки {X=0,Y=0} на угол -120. Матрица преобразования:
-0,50	-0,87	0,00	
0,87	-0,50	0,00	
0,00	0,00	1,00	
Новые координаты:
A6: {40,26; -150,26}
B6: {74,90; -170,26}
C6: {25,26; -176,24}


Поворот группы точек:
A6: {40,26; -150,26}
B6: {74,90; -170,26}
C6: {25,26; -176,24}
относительно точки {X=40,Y=-110} на угол 60. Матрица преобразования:
0,50	0,87	0,00	
-0,87	0,50	0,00	
-75,26	-89,64	1,00	
Новые координаты:
A7: {75,00; -129,90}
B7: {109,64; -109,90}
C7: {90,00; -155,88}


Сдвиг (деформация) группы точек:
A7: {75,00; -129,90}
B7: {109,64; -109,90}
C7: {90,00; -155,88}
 вдоль оси 0Y на угол 60. Матрица преобразования:
1,00	0,58	0,00	
0,00	1,00	0,00	
0,00	0,00	1,00	
Новые координаты:
A8: {75,00; -86,60}
B8: {109,64; -46,60}
C8: {90,00; -103,92}


Сдвиг (деформация) группы точек:
A8: {75,00; -86,60}
B8: {109,64; -46,60}
C8: {90,00; -103,92}
 вдоль оси 0X на угол -45. Матрица преобразования:
1,00	0,00	0,00	
-1,00	1,00	0,00	
0,00	0,00	1,00	
Новые координаты:
A9: {161,60; -86,60}
B9: {156,24; -46,60}
C9: {193,92; -103,92}


Перенос группы точек:
A9: {161,60; -86,60}
B9: {156,24; -46,60}
C9: {193,92; -103,92}
 отностиельно начала координат. Матрица преобразования:
1,00	0,00	0,00	
0,00	1,00	0,00	
-341,18	158,09	1,00	
Новые координаты:
A10: {-179,58; 71,48}
B10: {-184,94; 111,48}
C10: {-147,26; 54,16}



Результирующая матрица:
1,08	-0,58	0,00	
-0,13	1,00	0,00	
-187,73	-16,97	1,00	

1@0B=0O

1,00	0,58	0,00	
0,13	1,08	0,00	
189,07	126,63	1,00	
