Кривая Безье для направляющих точек:
10,00 	20,00 	
150,00 	150,00 	
240,00 	160,00 	
270,00 	100,00 	
Контрольные точки:
{10,00; 20,00}
{50,88; 55,77}
{88,64; 84,51}
{123,22; 106,52}
{154,55; 122,10}
{182,57; 131,58}
{207,22; 135,26}
{228,44; 133,45}
{246,17; 126,46}
{260,34; 114,59}

Кривая Эрмита для направляющих точек:
10,00 	20,00 	
270,00 	100,00 	
280,00 	260,00 	
-150,00 	300,00 	
Контрольные точки:
{10,00; 20,00}
{41,66; 40,76}
{78,45; 52,15}
{117,97; 56,66}
{157,81; 56,75}
{195,55; 54,90}
{228,78; 53,58}
{255,10; 55,27}
{272,08; 62,43}
{277,32; 77,55}
