\====================================================================/

Теоретическая матрица:
0,200	0,500	0,300	
0,400	0,200	0,400	
0,600	0,300	0,100	

Начальное состояние:	A
Число переходов:	200
Экспериментальная матрица переходов:
0,122	0,527	0,351	
0,515	0,118	0,368	
0,500	0,362	0,138	

Матрица граничных условий:
0<=pAA<=0,2	0,2<pAB<=0,7	0,7<pAC<=1
0<=pBA<=0,4	0,4<pBB<=0,6	0,6<pBC<=1
0<=pCA<=0,6	0,6<pCB<=0,9	0,9<pCC<=1

Количество переходов в состояния:
A  :  73
B  :  68
C  :  59

Критерий согласия Хи-квадрат = 10,3010262913725

Экспериментальная матрица, возведенная в степень 200:
0,366	0,340	0,294	
0,366	0,340	0,294	
0,366	0,340	0,294	

\====================================================================/

Теоретическая матрица:
0,200	0,500	0,300	
0,400	0,200	0,400	
0,600	0,300	0,100	

Начальное состояние:	A
Число переходов:	500
Экспериментальная матрица переходов:
0,119	0,557	0,324	
0,411	0,211	0,378	
0,563	0,306	0,132	

Матрица граничных условий:
0<=pAA<=0,2	0,2<pAB<=0,7	0,7<pAC<=1
0<=pBA<=0,4	0,4<pBB<=0,6	0,6<pBC<=1
0<=pCA<=0,6	0,6<pCB<=0,9	0,9<pCC<=1

Количество переходов в состояния:
A  :  176
B  :  180
C  :  144

Критерий согласия Хи-квадрат = 9,40951178451178

Экспериментальная матрица, возведенная в степень 500:
0,352	0,360	0,288	
0,352	0,360	0,288	
0,352	0,360	0,288	

\====================================================================/

Теоретическая матрица:
0,200	0,500	0,300	
0,400	0,200	0,400	
0,600	0,300	0,100	

Начальное состояние:	A
Число переходов:	1000
Экспериментальная матрица переходов:
0,210	0,548	0,242	
0,388	0,188	0,424	
0,637	0,305	0,058	

Матрица граничных условий:
0<=pAA<=0,2	0,2<pAB<=0,7	0,7<pAC<=1
0<=pBA<=0,4	0,4<pBB<=0,6	0,6<pBC<=1
0<=pCA<=0,6	0,6<pCB<=0,9	0,9<pCC<=1

Количество переходов в состояния:
A  :  384
B  :  357
C  :  259

Критерий согласия Хи-квадрат = 12,4599746092578

Экспериментальная матрица, возведенная в степень 1000:
0,384	0,357	0,259	
0,384	0,357	0,259	
0,384	0,357	0,259	

\====================================================================/

Теоретическая матрица:
0,200	0,500	0,300	
0,400	0,200	0,400	
0,600	0,300	0,100	

Начальное состояние:	A
Число переходов:	5000
Экспериментальная матрица переходов:
0,209	0,491	0,300	
0,398	0,203	0,399	
0,587	0,314	0,099	

Матрица граничных условий:
0<=pAA<=0,2	0,2<pAB<=0,7	0,7<pAC<=1
0<=pBA<=0,4	0,4<pBB<=0,6	0,6<pBC<=1
0<=pCA<=0,6	0,6<pCB<=0,9	0,9<pCC<=1

Количество переходов в состояния:
A  :  1895
B  :  1715
C  :  1390

Критерий согласия Хи-квадрат = 2,55452726828284

Экспериментальная матрица, возведенная в степень 5000:
0,379	0,343	0,278	
0,379	0,343	0,278	
0,379	0,343	0,278	

\====================================================================/

Теоретическая матрица:
0,200	0,500	0,300	
0,400	0,200	0,400	
0,600	0,300	0,100	

Начальное состояние:	A
Число переходов:	10000
Экспериментальная матрица переходов:
0,216	0,496	0,288	
0,406	0,194	0,400	
0,605	0,291	0,103	

Матрица граничных условий:
0<=pAA<=0,2	0,2<pAB<=0,7	0,7<pAC<=1
0<=pBA<=0,4	0,4<pBB<=0,6	0,6<pBC<=1
0<=pCA<=0,6	0,6<pCB<=0,9	0,9<pCC<=1

Количество переходов в состояния:
A  :  3871
B  :  3379
C  :  2750

Критерий согласия Хи-квадрат = 8,66016242641031

Экспериментальная матрица, возведенная в степень 10000:
0,387	0,338	0,275	
0,387	0,338	0,275	
0,387	0,338	0,275	

