\====================================================================/

Теоретическая матрица:
0,100	0,100	0,100	0,500	0,200	
0,150	0,150	0,600	0,050	0,050	
0,250	0,250	0,200	0,200	0,100	
0,100	0,200	0,400	0,200	0,100	
0,250	0,150	0,200	0,150	0,250	

Начальное состояние:	A
Число переходов:	200
Экспериментальная матрица переходов:
0,000	0,107	0,107	0,714	0,071	
0,161	0,161	0,581	0,065	0,032	
0,164	0,197	0,246	0,262	0,131	
0,052	0,172	0,362	0,293	0,121	
0,409	0,045	0,182	0,136	0,227	

Матрица граничных условий:
0<=pAA<=0,1	0,1<pAB<=0,2	0,2<pAC<=0,3	0,3<pAD<=0,8	0,8<pAE<=1
0<=pBA<=0,15	0,15<pBB<=0,3	0,3<pBC<=0,9	0,9<pBD<=0,95	0,95<pBE<=1
0<=pCA<=0,25	0,25<pCB<=0,5	0,5<pCC<=0,7	0,7<pCD<=0,9	0,9<pCE<=1
0<=pDA<=0,1	0,1<pDB<=0,3	0,3<pDC<=0,7	0,7<pDD<=0,9	0,9<pDE<=1
0<=pEA<=0,25	0,25<pEB<=0,4	0,4<pEC<=0,6	0,6<pED<=0,75	0,75<pEE<=1

Количество переходов в состояния:
A  :  27
B  :  31
C  :  61
D  :  58
E  :  23

Критерий согласия Хи-квадрат = 21,4162185080063

Экспериментальная матрица, возведенная в степень 200:
0,137	0,154	0,305	0,288	0,116	
0,137	0,154	0,305	0,288	0,116	
0,137	0,154	0,305	0,288	0,116	
0,137	0,154	0,305	0,288	0,116	
0,137	0,154	0,305	0,288	0,116	

\====================================================================/

Теоретическая матрица:
0,100	0,100	0,100	0,500	0,200	
0,150	0,150	0,600	0,050	0,050	
0,250	0,250	0,200	0,200	0,100	
0,100	0,200	0,400	0,200	0,100	
0,250	0,150	0,200	0,150	0,250	

Начальное состояние:	A
Число переходов:	500
Экспериментальная матрица переходов:
0,061	0,162	0,091	0,424	0,263	
0,195	0,122	0,585	0,049	0,049	
0,254	0,232	0,232	0,176	0,106	
0,157	0,137	0,373	0,186	0,147	
0,333	0,120	0,187	0,160	0,200	

Матрица граничных условий:
0<=pAA<=0,1	0,1<pAB<=0,2	0,2<pAC<=0,3	0,3<pAD<=0,8	0,8<pAE<=1
0<=pBA<=0,15	0,15<pBB<=0,3	0,3<pBC<=0,9	0,9<pBD<=0,95	0,95<pBE<=1
0<=pCA<=0,25	0,25<pCB<=0,5	0,5<pCC<=0,7	0,7<pCD<=0,9	0,9<pCE<=1
0<=pDA<=0,1	0,1<pDB<=0,3	0,3<pDC<=0,7	0,7<pDD<=0,9	0,9<pDE<=1
0<=pEA<=0,25	0,25<pEB<=0,4	0,4<pEC<=0,6	0,6<pED<=0,75	0,75<pEE<=1

Количество переходов в состояния:
A  :  99
B  :  82
C  :  142
D  :  102
E  :  75

Критерий согласия Хи-квадрат = 22,6650040935146

Экспериментальная матрица, возведенная в степень 500:
0,198	0,164	0,284	0,204	0,150	
0,198	0,164	0,284	0,204	0,150	
0,198	0,164	0,284	0,204	0,150	
0,198	0,164	0,284	0,204	0,150	
0,198	0,164	0,284	0,204	0,150	

\====================================================================/

Теоретическая матрица:
0,100	0,100	0,100	0,500	0,200	
0,150	0,150	0,600	0,050	0,050	
0,250	0,250	0,200	0,200	0,100	
0,100	0,200	0,400	0,200	0,100	
0,250	0,150	0,200	0,150	0,250	

Начальное состояние:	A
Число переходов:	1000
Экспериментальная матрица переходов:
0,080	0,091	0,074	0,497	0,257	
0,162	0,146	0,573	0,054	0,065	
0,278	0,263	0,185	0,189	0,085	
0,090	0,224	0,386	0,211	0,090	
0,235	0,132	0,176	0,199	0,257	

Матрица граничных условий:
0<=pAA<=0,1	0,1<pAB<=0,2	0,2<pAC<=0,3	0,3<pAD<=0,8	0,8<pAE<=1
0<=pBA<=0,15	0,15<pBB<=0,3	0,3<pBC<=0,9	0,9<pBD<=0,95	0,95<pBE<=1
0<=pCA<=0,25	0,25<pCB<=0,5	0,5<pCC<=0,7	0,7<pCD<=0,9	0,9<pCE<=1
0<=pDA<=0,1	0,1<pDB<=0,3	0,3<pDC<=0,7	0,7<pDD<=0,9	0,9<pDE<=1
0<=pEA<=0,25	0,25<pEB<=0,4	0,4<pEC<=0,6	0,6<pED<=0,75	0,75<pEE<=1

Количество переходов в состояния:
A  :  174
B  :  185
C  :  281
D  :  224
E  :  136

Критерий согласия Хи-квадрат = 12,5933241194416

Экспериментальная матрица, возведенная в степень 1000:
0,174	0,185	0,281	0,224	0,136	
0,174	0,185	0,281	0,224	0,136	
0,174	0,185	0,281	0,224	0,136	
0,174	0,185	0,281	0,224	0,136	
0,174	0,185	0,281	0,224	0,136	

\====================================================================/

Теоретическая матрица:
0,100	0,100	0,100	0,500	0,200	
0,150	0,150	0,600	0,050	0,050	
0,250	0,250	0,200	0,200	0,100	
0,100	0,200	0,400	0,200	0,100	
0,250	0,150	0,200	0,150	0,250	

Начальное состояние:	A
Число переходов:	5000
Экспериментальная матрица переходов:
0,079	0,107	0,097	0,509	0,207	
0,164	0,144	0,594	0,048	0,050	
0,259	0,240	0,192	0,214	0,095	
0,098	0,185	0,420	0,194	0,103	
0,247	0,139	0,200	0,172	0,243	

Матрица граничных условий:
0<=pAA<=0,1	0,1<pAB<=0,2	0,2<pAC<=0,3	0,3<pAD<=0,8	0,8<pAE<=1
0<=pBA<=0,15	0,15<pBB<=0,3	0,3<pBC<=0,9	0,9<pBD<=0,95	0,95<pBE<=1
0<=pCA<=0,25	0,25<pCB<=0,5	0,5<pCC<=0,7	0,7<pCD<=0,9	0,9<pCE<=1
0<=pDA<=0,1	0,1<pDB<=0,3	0,3<pDC<=0,7	0,7<pDD<=0,9	0,9<pDE<=1
0<=pEA<=0,25	0,25<pEB<=0,4	0,4<pEC<=0,6	0,6<pED<=0,75	0,75<pEE<=1

Количество переходов в состояния:
A  :  867
B  :  874
C  :  1492
D  :  1131
E  :  636

Критерий согласия Хи-квадрат = 14,9428552402628

Экспериментальная матрица, возведенная в степень 5000:
0,173	0,175	0,298	0,226	0,127	
0,173	0,175	0,298	0,226	0,127	
0,173	0,175	0,298	0,226	0,127	
0,173	0,175	0,298	0,226	0,127	
0,173	0,175	0,298	0,226	0,127	

\====================================================================/

Теоретическая матрица:
0,100	0,100	0,100	0,500	0,200	
0,150	0,150	0,600	0,050	0,050	
0,250	0,250	0,200	0,200	0,100	
0,100	0,200	0,400	0,200	0,100	
0,250	0,150	0,200	0,150	0,250	

Начальное состояние:	A
Число переходов:	10000
Экспериментальная матрица переходов:
0,097	0,099	0,085	0,519	0,199	
0,155	0,148	0,602	0,045	0,051	
0,233	0,258	0,207	0,201	0,101	
0,095	0,204	0,397	0,211	0,093	
0,236	0,152	0,213	0,138	0,261	

Матрица граничных условий:
0<=pAA<=0,1	0,1<pAB<=0,2	0,2<pAC<=0,3	0,3<pAD<=0,8	0,8<pAE<=1
0<=pBA<=0,15	0,15<pBB<=0,3	0,3<pBC<=0,9	0,9<pBD<=0,95	0,95<pBE<=1
0<=pCA<=0,25	0,25<pCB<=0,5	0,5<pCC<=0,7	0,7<pCD<=0,9	0,9<pCE<=1
0<=pDA<=0,1	0,1<pDB<=0,3	0,3<pDC<=0,7	0,7<pDD<=0,9	0,9<pDE<=1
0<=pEA<=0,25	0,25<pEB<=0,4	0,4<pEC<=0,6	0,6<pED<=0,75	0,75<pEE<=1

Количество переходов в состояния:
A  :  1662
B  :  1857
C  :  3025
D  :  2190
E  :  1266

Критерий согласия Хи-квадрат = 17,7646089521178

Экспериментальная матрица, возведенная в степень 10000:
0,166	0,186	0,303	0,219	0,127	
0,166	0,186	0,303	0,219	0,127	
0,166	0,186	0,303	0,219	0,127	
0,166	0,186	0,303	0,219	0,127	
0,166	0,186	0,303	0,219	0,127	

