\====================================================================/

Теоретическая матрица:
0,100	0,100	0,100	0,400	0,100	0,150	0,050	
0,150	0,150	0,200	0,050	0,050	0,200	0,200	
0,200	0,100	0,200	0,200	0,100	0,100	0,100	
0,050	0,100	0,300	0,100	0,100	0,250	0,100	
0,200	0,100	0,200	0,100	0,200	0,100	0,100	
0,100	0,050	0,100	0,400	0,100	0,150	0,100	
0,200	0,100	0,200	0,200	0,100	0,100	0,100	

Начальное состояние:	A
Число переходов:	200
Экспериментальная матрица переходов:
0,048	0,048	0,143	0,524	0,095	0,143	0,000	
0,208	0,167	0,208	0,042	0,000	0,083	0,292	
0,175	0,100	0,175	0,150	0,075	0,225	0,100	
0,000	0,182	0,341	0,114	0,045	0,250	0,068	
0,214	0,143	0,143	0,214	0,143	0,143	0,000	
0,026	0,053	0,105	0,342	0,105	0,263	0,105	
0,158	0,158	0,211	0,263	0,053	0,053	0,105	

Матрица граничных условий:
0<=pAA<=0,1	0,1<pAB<=0,2	0,2<pAC<=0,3	0,3<pAD<=0,7	0,7<pAE<=0,8	0,8<pAF<=0,95	0,95<pAG<=1
0<=pBA<=0,15	0,15<pBB<=0,3	0,3<pBC<=0,5	0,5<pBD<=0,55	0,55<pBE<=0,6	0,6<pBF<=0,8	0,8<pBG<=1
0<=pCA<=0,2	0,2<pCB<=0,3	0,3<pCC<=0,5	0,5<pCD<=0,7	0,7<pCE<=0,8	0,8<pCF<=0,9	0,9<pCG<=1
0<=pDA<=0,05	0,05<pDB<=0,15	0,15<pDC<=0,45	0,45<pDD<=0,55	0,55<pDE<=0,65	0,65<pDF<=0,9	0,9<pDG<=1
0<=pEA<=0,2	0,2<pEB<=0,3	0,3<pEC<=0,5	0,5<pED<=0,6	0,6<pEE<=0,8	0,8<pEF<=0,9	0,9<pEG<=1
0<=pFA<=0,1	0,1<pFB<=0,15	0,15<pFC<=0,25	0,25<pFD<=0,65	0,65<pFE<=0,75	0,75<pFF<=0,9	0,9<pFG<=1
0<=pGA<=0,2	0,2<pGB<=0,3	0,3<pGC<=0,5	0,5<pGD<=0,7	0,7<pGE<=0,8	0,8<pGF<=0,9	0,9<pGG<=1

Количество переходов в состояния:
A  :  20
B  :  24
C  :  40
D  :  44
E  :  14
F  :  38
G  :  20

Критерий согласия Хи-квадрат = 34,2293565709672

Экспериментальная матрица, возведенная в степень 200:
0,101	0,121	0,200	0,219	0,070	0,189	0,101	
0,101	0,121	0,200	0,219	0,070	0,189	0,101	
0,101	0,121	0,200	0,219	0,070	0,189	0,101	
0,101	0,121	0,200	0,219	0,070	0,189	0,101	
0,101	0,121	0,200	0,219	0,070	0,189	0,101	
0,101	0,121	0,200	0,219	0,070	0,189	0,101	
0,101	0,121	0,200	0,219	0,070	0,189	0,101	

\====================================================================/

Теоретическая матрица:
0,100	0,100	0,100	0,400	0,100	0,150	0,050	
0,150	0,150	0,200	0,050	0,050	0,200	0,200	
0,200	0,100	0,200	0,200	0,100	0,100	0,100	
0,050	0,100	0,300	0,100	0,100	0,250	0,100	
0,200	0,100	0,200	0,100	0,200	0,100	0,100	
0,100	0,050	0,100	0,400	0,100	0,150	0,100	
0,200	0,100	0,200	0,200	0,100	0,100	0,100	

Начальное состояние:	A
Число переходов:	500
Экспериментальная матрица переходов:
0,094	0,078	0,141	0,375	0,109	0,172	0,031	
0,125	0,208	0,208	0,042	0,063	0,188	0,167	
0,170	0,094	0,226	0,245	0,066	0,094	0,104	
0,048	0,087	0,308	0,096	0,077	0,250	0,135	
0,302	0,023	0,186	0,116	0,140	0,047	0,186	
0,101	0,076	0,139	0,354	0,076	0,165	0,089	
0,125	0,125	0,232	0,161	0,107	0,143	0,107	

Матрица граничных условий:
0<=pAA<=0,1	0,1<pAB<=0,2	0,2<pAC<=0,3	0,3<pAD<=0,7	0,7<pAE<=0,8	0,8<pAF<=0,95	0,95<pAG<=1
0<=pBA<=0,15	0,15<pBB<=0,3	0,3<pBC<=0,5	0,5<pBD<=0,55	0,55<pBE<=0,6	0,6<pBF<=0,8	0,8<pBG<=1
0<=pCA<=0,2	0,2<pCB<=0,3	0,3<pCC<=0,5	0,5<pCD<=0,7	0,7<pCE<=0,8	0,8<pCF<=0,9	0,9<pCG<=1
0<=pDA<=0,05	0,05<pDB<=0,15	0,15<pDC<=0,45	0,45<pDD<=0,55	0,55<pDE<=0,65	0,65<pDF<=0,9	0,9<pDG<=1
0<=pEA<=0,2	0,2<pEB<=0,3	0,3<pEC<=0,5	0,5<pED<=0,6	0,6<pEE<=0,8	0,8<pEF<=0,9	0,9<pEG<=1
0<=pFA<=0,1	0,1<pFB<=0,15	0,15<pFC<=0,25	0,25<pFD<=0,65	0,65<pFE<=0,75	0,75<pFF<=0,9	0,9<pFG<=1
0<=pGA<=0,2	0,2<pGB<=0,3	0,3<pGC<=0,5	0,5<pGD<=0,7	0,7<pGE<=0,8	0,8<pGF<=0,9	0,9<pGG<=1

Количество переходов в состояния:
A  :  63
B  :  48
C  :  107
D  :  104
E  :  43
F  :  79
G  :  56

Критерий согласия Хи-квадрат = 26,5324602252706

Экспериментальная матрица, возведенная в степень 500:
0,126	0,096	0,214	0,208	0,086	0,158	0,112	
0,126	0,096	0,214	0,208	0,086	0,158	0,112	
0,126	0,096	0,214	0,208	0,086	0,158	0,112	
0,126	0,096	0,214	0,208	0,086	0,158	0,112	
0,126	0,096	0,214	0,208	0,086	0,158	0,112	
0,126	0,096	0,214	0,208	0,086	0,158	0,112	
0,126	0,096	0,214	0,208	0,086	0,158	0,112	

\====================================================================/

Теоретическая матрица:
0,100	0,100	0,100	0,400	0,100	0,150	0,050	
0,150	0,150	0,200	0,050	0,050	0,200	0,200	
0,200	0,100	0,200	0,200	0,100	0,100	0,100	
0,050	0,100	0,300	0,100	0,100	0,250	0,100	
0,200	0,100	0,200	0,100	0,200	0,100	0,100	
0,100	0,050	0,100	0,400	0,100	0,150	0,100	
0,200	0,100	0,200	0,200	0,100	0,100	0,100	

Начальное состояние:	A
Число переходов:	1000
Экспериментальная матрица переходов:
0,083	0,117	0,097	0,393	0,097	0,159	0,055	
0,226	0,097	0,226	0,054	0,043	0,204	0,151	
0,217	0,101	0,217	0,164	0,106	0,116	0,079	
0,049	0,089	0,310	0,084	0,133	0,227	0,108	
0,210	0,065	0,153	0,113	0,274	0,081	0,105	
0,121	0,074	0,101	0,376	0,094	0,161	0,074	
0,165	0,113	0,165	0,247	0,113	0,052	0,144	

Матрица граничных условий:
0<=pAA<=0,1	0,1<pAB<=0,2	0,2<pAC<=0,3	0,3<pAD<=0,7	0,7<pAE<=0,8	0,8<pAF<=0,95	0,95<pAG<=1
0<=pBA<=0,15	0,15<pBB<=0,3	0,3<pBC<=0,5	0,5<pBD<=0,55	0,55<pBE<=0,6	0,6<pBF<=0,8	0,8<pBG<=1
0<=pCA<=0,2	0,2<pCB<=0,3	0,3<pCC<=0,5	0,5<pCD<=0,7	0,7<pCE<=0,8	0,8<pCF<=0,9	0,9<pCG<=1
0<=pDA<=0,05	0,05<pDB<=0,15	0,15<pDC<=0,45	0,45<pDD<=0,55	0,55<pDE<=0,65	0,65<pDF<=0,9	0,9<pDG<=1
0<=pEA<=0,2	0,2<pEB<=0,3	0,3<pEC<=0,5	0,5<pED<=0,6	0,6<pEE<=0,8	0,8<pEF<=0,9	0,9<pEG<=1
0<=pFA<=0,1	0,1<pFB<=0,15	0,15<pFC<=0,25	0,25<pFD<=0,65	0,65<pFE<=0,75	0,75<pFF<=0,9	0,9<pFG<=1
0<=pGA<=0,2	0,2<pGB<=0,3	0,3<pGC<=0,5	0,5<pGD<=0,7	0,7<pGE<=0,8	0,8<pGF<=0,9	0,9<pGG<=1

Количество переходов в состояния:
A  :  144
B  :  93
C  :  189
D  :  204
E  :  124
F  :  149
G  :  97

Критерий согласия Хи-квадрат = 32,4340659447589

Экспериментальная матрица, возведенная в степень 1000:
0,144	0,093	0,189	0,204	0,124	0,149	0,097	
0,144	0,093	0,189	0,204	0,124	0,149	0,097	
0,144	0,093	0,189	0,204	0,124	0,149	0,097	
0,144	0,093	0,189	0,204	0,124	0,149	0,097	
0,144	0,093	0,189	0,204	0,124	0,149	0,097	
0,144	0,093	0,189	0,204	0,124	0,149	0,097	
0,144	0,093	0,189	0,204	0,124	0,149	0,097	

\====================================================================/

Теоретическая матрица:
0,100	0,100	0,100	0,400	0,100	0,150	0,050	
0,150	0,150	0,200	0,050	0,050	0,200	0,200	
0,200	0,100	0,200	0,200	0,100	0,100	0,100	
0,050	0,100	0,300	0,100	0,100	0,250	0,100	
0,200	0,100	0,200	0,100	0,200	0,100	0,100	
0,100	0,050	0,100	0,400	0,100	0,150	0,100	
0,200	0,100	0,200	0,200	0,100	0,100	0,100	

Начальное состояние:	A
Число переходов:	5000
Экспериментальная матрица переходов:
0,095	0,116	0,116	0,365	0,109	0,152	0,048	
0,142	0,138	0,204	0,049	0,032	0,222	0,213	
0,191	0,101	0,183	0,197	0,116	0,105	0,108	
0,038	0,095	0,325	0,093	0,103	0,262	0,083	
0,233	0,086	0,202	0,105	0,172	0,090	0,113	
0,114	0,043	0,121	0,363	0,095	0,156	0,109	
0,188	0,089	0,181	0,218	0,095	0,099	0,130	

Матрица граничных условий:
0<=pAA<=0,1	0,1<pAB<=0,2	0,2<pAC<=0,3	0,3<pAD<=0,7	0,7<pAE<=0,8	0,8<pAF<=0,95	0,95<pAG<=1
0<=pBA<=0,15	0,15<pBB<=0,3	0,3<pBC<=0,5	0,5<pBD<=0,55	0,55<pBE<=0,6	0,6<pBF<=0,8	0,8<pBG<=1
0<=pCA<=0,2	0,2<pCB<=0,3	0,3<pCC<=0,5	0,5<pCD<=0,7	0,7<pCE<=0,8	0,8<pCF<=0,9	0,9<pCG<=1
0<=pDA<=0,05	0,05<pDB<=0,15	0,15<pDC<=0,45	0,45<pDD<=0,55	0,55<pDE<=0,65	0,65<pDF<=0,9	0,9<pDG<=1
0<=pEA<=0,2	0,2<pEB<=0,3	0,3<pEC<=0,5	0,5<pED<=0,6	0,6<pEE<=0,8	0,8<pEF<=0,9	0,9<pEG<=1
0<=pFA<=0,1	0,1<pFB<=0,15	0,15<pFC<=0,25	0,25<pFD<=0,65	0,65<pFE<=0,75	0,75<pFF<=0,9	0,9<pFG<=1
0<=pGA<=0,2	0,2<pGB<=0,3	0,3<pGC<=0,5	0,5<pGD<=0,7	0,7<pGE<=0,8	0,8<pGF<=0,9	0,9<pGG<=1

Количество переходов в состояния:
A  :  671
B  :  465
C  :  984
D  :  1019
E  :  524
F  :  800
G  :  537

Критерий согласия Хи-квадрат = 51,3059973205797

Экспериментальная матрица, возведенная в степень 5000:
0,134	0,093	0,197	0,204	0,105	0,160	0,107	
0,134	0,093	0,197	0,204	0,105	0,160	0,107	
0,134	0,093	0,197	0,204	0,105	0,160	0,107	
0,134	0,093	0,197	0,204	0,105	0,160	0,107	
0,134	0,093	0,197	0,204	0,105	0,160	0,107	
0,134	0,093	0,197	0,204	0,105	0,160	0,107	
0,134	0,093	0,197	0,204	0,105	0,160	0,107	

\====================================================================/

Теоретическая матрица:
0,100	0,100	0,100	0,400	0,100	0,150	0,050	
0,150	0,150	0,200	0,050	0,050	0,200	0,200	
0,200	0,100	0,200	0,200	0,100	0,100	0,100	
0,050	0,100	0,300	0,100	0,100	0,250	0,100	
0,200	0,100	0,200	0,100	0,200	0,100	0,100	
0,100	0,050	0,100	0,400	0,100	0,150	0,100	
0,200	0,100	0,200	0,200	0,100	0,100	0,100	

Начальное состояние:	A
Число переходов:	10000
Экспериментальная матрица переходов:
0,102	0,098	0,098	0,399	0,100	0,167	0,037	
0,129	0,165	0,210	0,050	0,061	0,205	0,181	
0,204	0,113	0,196	0,192	0,093	0,106	0,095	
0,049	0,105	0,293	0,104	0,100	0,243	0,106	
0,224	0,092	0,194	0,087	0,205	0,101	0,097	
0,093	0,059	0,091	0,408	0,114	0,141	0,094	
0,186	0,084	0,213	0,200	0,104	0,106	0,108	

Матрица граничных условий:
0<=pAA<=0,1	0,1<pAB<=0,2	0,2<pAC<=0,3	0,3<pAD<=0,7	0,7<pAE<=0,8	0,8<pAF<=0,95	0,95<pAG<=1
0<=pBA<=0,15	0,15<pBB<=0,3	0,3<pBC<=0,5	0,5<pBD<=0,55	0,55<pBE<=0,6	0,6<pBF<=0,8	0,8<pBG<=1
0<=pCA<=0,2	0,2<pCB<=0,3	0,3<pCC<=0,5	0,5<pCD<=0,7	0,7<pCE<=0,8	0,8<pCF<=0,9	0,9<pCG<=1
0<=pDA<=0,05	0,05<pDB<=0,15	0,15<pDC<=0,45	0,45<pDD<=0,55	0,55<pDE<=0,65	0,65<pDF<=0,9	0,9<pDG<=1
0<=pEA<=0,2	0,2<pEB<=0,3	0,3<pEC<=0,5	0,5<pED<=0,6	0,6<pEE<=0,8	0,8<pEF<=0,9	0,9<pEG<=1
0<=pFA<=0,1	0,1<pFB<=0,15	0,15<pFC<=0,25	0,25<pFD<=0,65	0,65<pFE<=0,75	0,75<pFF<=0,9	0,9<pFG<=1
0<=pGA<=0,2	0,2<pGB<=0,3	0,3<pGC<=0,5	0,5<pGD<=0,7	0,7<pGE<=0,8	0,8<pGF<=0,9	0,9<pGG<=1

Количество переходов в состояния:
A  :  1332
B  :  1008
C  :  1899
D  :  2101
E  :  1087
F  :  1578
G  :  995

Критерий согласия Хи-квадрат = 45,8610746721802

Экспериментальная матрица, возведенная в степень 10000:
0,133	0,101	0,190	0,210	0,109	0,158	0,100	
0,133	0,101	0,190	0,210	0,109	0,158	0,100	
0,133	0,101	0,190	0,210	0,109	0,158	0,100	
0,133	0,101	0,190	0,210	0,109	0,158	0,100	
0,133	0,101	0,190	0,210	0,109	0,158	0,100	
0,133	0,101	0,190	0,210	0,109	0,158	0,100	
0,133	0,101	0,190	0,210	0,109	0,158	0,100	

\====================================================================/

Теоретическая матрица:
0,100	0,100	0,100	0,400	0,100	0,150	0,050	
0,150	0,150	0,200	0,050	0,050	0,200	0,200	
0,200	0,100	0,200	0,200	0,100	0,100	0,100	
0,050	0,100	0,300	0,100	0,100	0,250	0,100	
0,200	0,100	0,200	0,100	0,200	0,100	0,100	
0,100	0,050	0,100	0,400	0,100	0,150	0,100	
0,200	0,100	0,200	0,200	0,100	0,100	0,100	

Начальное состояние:	A
Число переходов:	100000
Экспериментальная матрица переходов:
0,099	0,099	0,099	0,404	0,099	0,150	0,048	
0,153	0,149	0,200	0,048	0,050	0,201	0,198	
0,201	0,100	0,199	0,200	0,101	0,100	0,100	
0,048	0,102	0,299	0,098	0,104	0,248	0,101	
0,202	0,104	0,199	0,099	0,197	0,098	0,101	
0,100	0,052	0,098	0,402	0,099	0,148	0,100	
0,202	0,096	0,198	0,200	0,103	0,100	0,101	

Матрица граничных условий:
0<=pAA<=0,1	0,1<pAB<=0,2	0,2<pAC<=0,3	0,3<pAD<=0,7	0,7<pAE<=0,8	0,8<pAF<=0,95	0,95<pAG<=1
0<=pBA<=0,15	0,15<pBB<=0,3	0,3<pBC<=0,5	0,5<pBD<=0,55	0,55<pBE<=0,6	0,6<pBF<=0,8	0,8<pBG<=1
0<=pCA<=0,2	0,2<pCB<=0,3	0,3<pCC<=0,5	0,5<pCD<=0,7	0,7<pCE<=0,8	0,8<pCF<=0,9	0,9<pCG<=1
0<=pDA<=0,05	0,05<pDB<=0,15	0,15<pDC<=0,45	0,45<pDD<=0,55	0,55<pDE<=0,65	0,65<pDF<=0,9	0,9<pDG<=1
0<=pEA<=0,2	0,2<pEB<=0,3	0,3<pEC<=0,5	0,5<pED<=0,6	0,6<pEE<=0,8	0,8<pEF<=0,9	0,9<pEG<=1
0<=pFA<=0,1	0,1<pFB<=0,15	0,15<pFC<=0,25	0,25<pFD<=0,65	0,65<pFE<=0,75	0,75<pFF<=0,9	0,9<pFG<=1
0<=pGA<=0,2	0,2<pGB<=0,3	0,3<pGC<=0,5	0,5<pGD<=0,7	0,7<pGE<=0,8	0,8<pGF<=0,9	0,9<pGG<=1

Количество переходов в состояния:
A  :  13464
B  :  9763
C  :  19120
D  :  21180
E  :  10643
F  :  15535
G  :  10295

Критерий согласия Хи-квадрат = 20,8154298706297

Экспериментальная матрица, возведенная в степень 100000:
0,135	0,098	0,191	0,212	0,106	0,155	0,103	
0,135	0,098	0,191	0,212	0,106	0,155	0,103	
0,135	0,098	0,191	0,212	0,106	0,155	0,103	
0,135	0,098	0,191	0,212	0,106	0,155	0,103	
0,135	0,098	0,191	0,212	0,106	0,155	0,103	
0,135	0,098	0,191	0,212	0,106	0,155	0,103	
0,135	0,098	0,191	0,212	0,106	0,155	0,103	

