\====================================================================/

Теоретическая матрица:
0,095	0,122	0,018	0,136	0,105	0,150	0,113	0,151	0,110	
0,066	0,151	0,083	0,116	0,178	0,098	0,132	0,122	0,054	
0,158	0,178	0,109	0,134	0,139	0,046	0,030	0,027	0,179	
0,192	0,192	0,112	0,004	0,187	0,187	0,021	0,059	0,046	
0,029	0,029	0,104	0,098	0,079	0,142	0,163	0,153	0,203	
0,220	0,003	0,146	0,134	0,070	0,064	0,157	0,070	0,136	
0,129	0,190	0,014	0,181	0,152	0,113	0,010	0,182	0,029	
0,045	0,070	0,203	0,126	0,111	0,147	0,068	0,121	0,109	
0,155	0,070	0,109	0,174	0,181	0,195	0,051	0,041	0,024	

Начальное состояние:	A
Число переходов:	1000
Экспериментальная матрица переходов:
0,075	0,104	0,019	0,113	0,066	0,179	0,198	0,151	0,094	
0,020	0,137	0,059	0,098	0,196	0,088	0,167	0,137	0,098	
0,202	0,121	0,040	0,182	0,202	0,030	0,020	0,000	0,202	
0,193	0,193	0,114	0,000	0,246	0,158	0,044	0,018	0,035	
0,026	0,006	0,071	0,090	0,090	0,115	0,205	0,167	0,231	
0,139	0,000	0,139	0,165	0,087	0,096	0,165	0,087	0,122	
0,095	0,190	0,010	0,162	0,200	0,114	0,000	0,162	0,067	
0,042	0,094	0,292	0,094	0,177	0,125	0,042	0,094	0,042	
0,178	0,121	0,168	0,140	0,178	0,121	0,047	0,019	0,028	

Матрица граничных условий:
0<=pAA<=0,095	0,095<pAB<=0,217	0,217<pAC<=0,235	0,235<pAD<=0,371	0,371<pAE<=0,476	0,476<pAF<=0,626	0,626<pAG<=0,739	0,739<pAH<=0,89	0,89<pAI<=1
0<=pBA<=0,066	0,066<pBB<=0,217	0,217<pBC<=0,3	0,3<pBD<=0,416	0,416<pBE<=0,594	0,594<pBF<=0,692	0,692<pBG<=0,824	0,824<pBH<=0,946	0,946<pBI<=1
0<=pCA<=0,158	0,158<pCB<=0,336	0,336<pCC<=0,445	0,445<pCD<=0,579	0,579<pCE<=0,718	0,718<pCF<=0,764	0,764<pCG<=0,794	0,794<pCH<=0,821	0,821<pCI<=1
0<=pDA<=0,192	0,192<pDB<=0,384	0,384<pDC<=0,496	0,496<pDD<=0,5	0,5<pDE<=0,687	0,687<pDF<=0,874	0,874<pDG<=0,895	0,895<pDH<=0,954	0,954<pDI<=1
0<=pEA<=0,029	0,029<pEB<=0,058	0,058<pEC<=0,162	0,162<pED<=0,26	0,26<pEE<=0,339	0,339<pEF<=0,481	0,481<pEG<=0,644	0,644<pEH<=0,797	0,797<pEI<=1
0<=pFA<=0,22	0,22<pFB<=0,223	0,223<pFC<=0,369	0,369<pFD<=0,503	0,503<pFE<=0,573	0,573<pFF<=0,637	0,637<pFG<=0,794	0,794<pFH<=0,864	0,864<pFI<=1
0<=pGA<=0,129	0,129<pGB<=0,319	0,319<pGC<=0,333	0,333<pGD<=0,514	0,514<pGE<=0,666	0,666<pGF<=0,779	0,779<pGG<=0,789	0,789<pGH<=0,971	0,971<pGI<=1
0<=pHA<=0,045	0,045<pHB<=0,115	0,115<pHC<=0,318	0,318<pHD<=0,444	0,444<pHE<=0,555	0,555<pHF<=0,702	0,702<pHG<=0,77	0,77<pHH<=0,891	0,891<pHI<=1
0<=pIA<=0,155	0,155<pIB<=0,225	0,225<pIC<=0,334	0,334<pID<=0,508	0,508<pIE<=0,689	0,689<pIF<=0,884	0,884<pIG<=0,935	0,935<pIH<=0,976	0,976<pII<=1

Количество переходов в состояния:
A  :  105
B  :  102
C  :  99
D  :  114
E  :  156
F  :  115
G  :  105
H  :  96
I  :  108

Критерий согласия Хи-квадрат = 97,8670825932153

Экспериментальная матрица, возведенная в степень 1000:
0,105	0,102	0,099	0,114	0,156	0,115	0,105	0,096	0,108	
0,105	0,102	0,099	0,114	0,156	0,115	0,105	0,096	0,108	
0,105	0,102	0,099	0,114	0,156	0,115	0,105	0,096	0,108	
0,105	0,102	0,099	0,114	0,156	0,115	0,105	0,096	0,108	
0,105	0,102	0,099	0,114	0,156	0,115	0,105	0,096	0,108	
0,105	0,102	0,099	0,114	0,156	0,115	0,105	0,096	0,108	
0,105	0,102	0,099	0,114	0,156	0,115	0,105	0,096	0,108	
0,105	0,102	0,099	0,114	0,156	0,115	0,105	0,096	0,108	
0,105	0,102	0,099	0,114	0,156	0,115	0,105	0,096	0,108	

\====================================================================/

Теоретическая матрица:
0,095	0,122	0,018	0,136	0,105	0,150	0,113	0,151	0,110	
0,066	0,151	0,083	0,116	0,178	0,098	0,132	0,122	0,054	
0,158	0,178	0,109	0,134	0,139	0,046	0,030	0,027	0,179	
0,192	0,192	0,112	0,004	0,187	0,187	0,021	0,059	0,046	
0,029	0,029	0,104	0,098	0,079	0,142	0,163	0,153	0,203	
0,220	0,003	0,146	0,134	0,070	0,064	0,157	0,070	0,136	
0,129	0,190	0,014	0,181	0,152	0,113	0,010	0,182	0,029	
0,045	0,070	0,203	0,126	0,111	0,147	0,068	0,121	0,109	
0,155	0,070	0,109	0,174	0,181	0,195	0,051	0,041	0,024	

Начальное состояние:	A
Число переходов:	5000
Экспериментальная матрица переходов:
0,078	0,121	0,017	0,136	0,107	0,126	0,131	0,179	0,105	
0,062	0,172	0,061	0,125	0,150	0,092	0,128	0,150	0,059	
0,160	0,164	0,138	0,118	0,164	0,042	0,030	0,030	0,156	
0,182	0,208	0,110	0,009	0,196	0,168	0,026	0,064	0,038	
0,016	0,022	0,113	0,094	0,091	0,153	0,165	0,143	0,203	
0,233	0,002	0,146	0,140	0,085	0,046	0,151	0,057	0,141	
0,125	0,209	0,009	0,167	0,147	0,103	0,009	0,198	0,033	
0,064	0,061	0,191	0,125	0,127	0,161	0,073	0,114	0,084	
0,153	0,067	0,102	0,155	0,182	0,217	0,059	0,045	0,018	

Матрица граничных условий:
0<=pAA<=0,095	0,095<pAB<=0,217	0,217<pAC<=0,235	0,235<pAD<=0,371	0,371<pAE<=0,476	0,476<pAF<=0,626	0,626<pAG<=0,739	0,739<pAH<=0,89	0,89<pAI<=1
0<=pBA<=0,066	0,066<pBB<=0,217	0,217<pBC<=0,3	0,3<pBD<=0,416	0,416<pBE<=0,594	0,594<pBF<=0,692	0,692<pBG<=0,824	0,824<pBH<=0,946	0,946<pBI<=1
0<=pCA<=0,158	0,158<pCB<=0,336	0,336<pCC<=0,445	0,445<pCD<=0,579	0,579<pCE<=0,718	0,718<pCF<=0,764	0,764<pCG<=0,794	0,794<pCH<=0,821	0,821<pCI<=1
0<=pDA<=0,192	0,192<pDB<=0,384	0,384<pDC<=0,496	0,496<pDD<=0,5	0,5<pDE<=0,687	0,687<pDF<=0,874	0,874<pDG<=0,895	0,895<pDH<=0,954	0,954<pDI<=1
0<=pEA<=0,029	0,029<pEB<=0,058	0,058<pEC<=0,162	0,162<pED<=0,26	0,26<pEE<=0,339	0,339<pEF<=0,481	0,481<pEG<=0,644	0,644<pEH<=0,797	0,797<pEI<=1
0<=pFA<=0,22	0,22<pFB<=0,223	0,223<pFC<=0,369	0,369<pFD<=0,503	0,503<pFE<=0,573	0,573<pFF<=0,637	0,637<pFG<=0,794	0,794<pFH<=0,864	0,864<pFI<=1
0<=pGA<=0,129	0,129<pGB<=0,319	0,319<pGC<=0,333	0,333<pGD<=0,514	0,514<pGE<=0,666	0,666<pGF<=0,779	0,779<pGG<=0,789	0,789<pGH<=0,971	0,971<pGI<=1
0<=pHA<=0,045	0,045<pHB<=0,115	0,115<pHC<=0,318	0,318<pHD<=0,444	0,444<pHE<=0,555	0,555<pHF<=0,702	0,702<pHG<=0,77	0,77<pHH<=0,891	0,891<pHI<=1
0<=pIA<=0,155	0,155<pIB<=0,225	0,225<pIC<=0,334	0,334<pID<=0,508	0,508<pIE<=0,689	0,689<pIF<=0,884	0,884<pIG<=0,935	0,935<pIH<=0,976	0,976<pII<=1

Количество переходов в состояния:
A  :  587
B  :  545
C  :  501
D  :  582
E  :  680
F  :  616
G  :  455
H  :  545
I  :  489

Критерий согласия Хи-квадрат = 71,7770334672462

Экспериментальная матрица, возведенная в степень 5000:
0,117	0,109	0,100	0,116	0,136	0,123	0,091	0,109	0,098	
0,117	0,109	0,100	0,116	0,136	0,123	0,091	0,109	0,098	
0,117	0,109	0,100	0,116	0,136	0,123	0,091	0,109	0,098	
0,117	0,109	0,100	0,116	0,136	0,123	0,091	0,109	0,098	
0,117	0,109	0,100	0,116	0,136	0,123	0,091	0,109	0,098	
0,117	0,109	0,100	0,116	0,136	0,123	0,091	0,109	0,098	
0,117	0,109	0,100	0,116	0,136	0,123	0,091	0,109	0,098	
0,117	0,109	0,100	0,116	0,136	0,123	0,091	0,109	0,098	
0,117	0,109	0,100	0,116	0,136	0,123	0,091	0,109	0,098	

\====================================================================/

Теоретическая матрица:
0,095	0,122	0,018	0,136	0,105	0,150	0,113	0,151	0,110	
0,066	0,151	0,083	0,116	0,178	0,098	0,132	0,122	0,054	
0,158	0,178	0,109	0,134	0,139	0,046	0,030	0,027	0,179	
0,192	0,192	0,112	0,004	0,187	0,187	0,021	0,059	0,046	
0,029	0,029	0,104	0,098	0,079	0,142	0,163	0,153	0,203	
0,220	0,003	0,146	0,134	0,070	0,064	0,157	0,070	0,136	
0,129	0,190	0,014	0,181	0,152	0,113	0,010	0,182	0,029	
0,045	0,070	0,203	0,126	0,111	0,147	0,068	0,121	0,109	
0,155	0,070	0,109	0,174	0,181	0,195	0,051	0,041	0,024	

Начальное состояние:	A
Число переходов:	10000
Экспериментальная матрица переходов:
0,087	0,127	0,018	0,127	0,106	0,174	0,117	0,136	0,109	
0,076	0,145	0,084	0,102	0,184	0,104	0,138	0,122	0,044	
0,164	0,168	0,110	0,130	0,135	0,049	0,029	0,028	0,186	
0,184	0,207	0,102	0,004	0,190	0,181	0,027	0,057	0,049	
0,035	0,036	0,118	0,080	0,087	0,130	0,162	0,159	0,193	
0,207	0,003	0,171	0,135	0,075	0,058	0,159	0,057	0,134	
0,136	0,190	0,020	0,145	0,147	0,128	0,014	0,182	0,037	
0,040	0,056	0,195	0,135	0,120	0,162	0,063	0,124	0,105	
0,146	0,078	0,116	0,171	0,166	0,183	0,071	0,044	0,025	

Матрица граничных условий:
0<=pAA<=0,095	0,095<pAB<=0,217	0,217<pAC<=0,235	0,235<pAD<=0,371	0,371<pAE<=0,476	0,476<pAF<=0,626	0,626<pAG<=0,739	0,739<pAH<=0,89	0,89<pAI<=1
0<=pBA<=0,066	0,066<pBB<=0,217	0,217<pBC<=0,3	0,3<pBD<=0,416	0,416<pBE<=0,594	0,594<pBF<=0,692	0,692<pBG<=0,824	0,824<pBH<=0,946	0,946<pBI<=1
0<=pCA<=0,158	0,158<pCB<=0,336	0,336<pCC<=0,445	0,445<pCD<=0,579	0,579<pCE<=0,718	0,718<pCF<=0,764	0,764<pCG<=0,794	0,794<pCH<=0,821	0,821<pCI<=1
0<=pDA<=0,192	0,192<pDB<=0,384	0,384<pDC<=0,496	0,496<pDD<=0,5	0,5<pDE<=0,687	0,687<pDF<=0,874	0,874<pDG<=0,895	0,895<pDH<=0,954	0,954<pDI<=1
0<=pEA<=0,029	0,029<pEB<=0,058	0,058<pEC<=0,162	0,162<pED<=0,26	0,26<pEE<=0,339	0,339<pEF<=0,481	0,481<pEG<=0,644	0,644<pEH<=0,797	0,797<pEI<=1
0<=pFA<=0,22	0,22<pFB<=0,223	0,223<pFC<=0,369	0,369<pFD<=0,503	0,503<pFE<=0,573	0,573<pFF<=0,637	0,637<pFG<=0,794	0,794<pFH<=0,864	0,864<pFI<=1
0<=pGA<=0,129	0,129<pGB<=0,319	0,319<pGC<=0,333	0,333<pGD<=0,514	0,514<pGE<=0,666	0,666<pGF<=0,779	0,779<pGG<=0,789	0,789<pGH<=0,971	0,971<pGI<=1
0<=pHA<=0,045	0,045<pHB<=0,115	0,115<pHC<=0,318	0,318<pHD<=0,444	0,444<pHE<=0,555	0,555<pHF<=0,702	0,702<pHG<=0,77	0,77<pHH<=0,891	0,891<pHI<=1
0<=pIA<=0,155	0,155<pIB<=0,225	0,225<pIC<=0,334	0,334<pID<=0,508	0,508<pIE<=0,689	0,689<pIF<=0,884	0,884<pIG<=0,935	0,935<pIH<=0,976	0,976<pII<=1

Количество переходов в состояния:
A  :  1192
B  :  1080
C  :  1051
D  :  1126
E  :  1319
F  :  1287
G  :  916
H  :  1008
I  :  1021

Критерий согласия Хи-квадрат = 79,9038361150896

Экспериментальная матрица, возведенная в степень 10000:
0,119	0,108	0,105	0,113	0,132	0,129	0,092	0,101	0,102	
0,119	0,108	0,105	0,113	0,132	0,129	0,092	0,101	0,102	
0,119	0,108	0,105	0,113	0,132	0,129	0,092	0,101	0,102	
0,119	0,108	0,105	0,113	0,132	0,129	0,092	0,101	0,102	
0,119	0,108	0,105	0,113	0,132	0,129	0,092	0,101	0,102	
0,119	0,108	0,105	0,113	0,132	0,129	0,092	0,101	0,102	
0,119	0,108	0,105	0,113	0,132	0,129	0,092	0,101	0,102	
0,119	0,108	0,105	0,113	0,132	0,129	0,092	0,101	0,102	
0,119	0,108	0,105	0,113	0,132	0,129	0,092	0,101	0,102	

\====================================================================/

Теоретическая матрица:
0,095	0,122	0,018	0,136	0,105	0,150	0,113	0,151	0,110	
0,066	0,151	0,083	0,116	0,178	0,098	0,132	0,122	0,054	
0,158	0,178	0,109	0,134	0,139	0,046	0,030	0,027	0,179	
0,192	0,192	0,112	0,004	0,187	0,187	0,021	0,059	0,046	
0,029	0,029	0,104	0,098	0,079	0,142	0,163	0,153	0,203	
0,220	0,003	0,146	0,134	0,070	0,064	0,157	0,070	0,136	
0,129	0,190	0,014	0,181	0,152	0,113	0,010	0,182	0,029	
0,045	0,070	0,203	0,126	0,111	0,147	0,068	0,121	0,109	
0,155	0,070	0,109	0,174	0,181	0,195	0,051	0,041	0,024	

Начальное состояние:	A
Число переходов:	50000
Экспериментальная матрица переходов:
0,098	0,121	0,017	0,137	0,100	0,157	0,113	0,147	0,110	
0,064	0,151	0,088	0,115	0,172	0,096	0,129	0,128	0,057	
0,157	0,179	0,108	0,138	0,139	0,044	0,031	0,026	0,178	
0,195	0,195	0,108	0,004	0,180	0,193	0,023	0,059	0,045	
0,027	0,028	0,107	0,094	0,074	0,143	0,164	0,156	0,206	
0,221	0,004	0,147	0,134	0,077	0,063	0,154	0,064	0,135	
0,134	0,188	0,014	0,183	0,153	0,109	0,012	0,179	0,029	
0,047	0,067	0,196	0,128	0,109	0,143	0,071	0,128	0,111	
0,156	0,069	0,108	0,174	0,182	0,192	0,051	0,042	0,026	

Матрица граничных условий:
0<=pAA<=0,095	0,095<pAB<=0,217	0,217<pAC<=0,235	0,235<pAD<=0,371	0,371<pAE<=0,476	0,476<pAF<=0,626	0,626<pAG<=0,739	0,739<pAH<=0,89	0,89<pAI<=1
0<=pBA<=0,066	0,066<pBB<=0,217	0,217<pBC<=0,3	0,3<pBD<=0,416	0,416<pBE<=0,594	0,594<pBF<=0,692	0,692<pBG<=0,824	0,824<pBH<=0,946	0,946<pBI<=1
0<=pCA<=0,158	0,158<pCB<=0,336	0,336<pCC<=0,445	0,445<pCD<=0,579	0,579<pCE<=0,718	0,718<pCF<=0,764	0,764<pCG<=0,794	0,794<pCH<=0,821	0,821<pCI<=1
0<=pDA<=0,192	0,192<pDB<=0,384	0,384<pDC<=0,496	0,496<pDD<=0,5	0,5<pDE<=0,687	0,687<pDF<=0,874	0,874<pDG<=0,895	0,895<pDH<=0,954	0,954<pDI<=1
0<=pEA<=0,029	0,029<pEB<=0,058	0,058<pEC<=0,162	0,162<pED<=0,26	0,26<pEE<=0,339	0,339<pEF<=0,481	0,481<pEG<=0,644	0,644<pEH<=0,797	0,797<pEI<=1
0<=pFA<=0,22	0,22<pFB<=0,223	0,223<pFC<=0,369	0,369<pFD<=0,503	0,503<pFE<=0,573	0,573<pFF<=0,637	0,637<pFG<=0,794	0,794<pFH<=0,864	0,864<pFI<=1
0<=pGA<=0,129	0,129<pGB<=0,319	0,319<pGC<=0,333	0,333<pGD<=0,514	0,514<pGE<=0,666	0,666<pGF<=0,779	0,779<pGG<=0,789	0,789<pGH<=0,971	0,971<pGI<=1
0<=pHA<=0,045	0,045<pHB<=0,115	0,115<pHC<=0,318	0,318<pHD<=0,444	0,444<pHE<=0,555	0,555<pHF<=0,702	0,702<pHG<=0,77	0,77<pHH<=0,891	0,891<pHI<=1
0<=pIA<=0,155	0,155<pIB<=0,225	0,225<pIC<=0,334	0,334<pID<=0,508	0,508<pIE<=0,689	0,689<pIF<=0,884	0,884<pIG<=0,935	0,935<pIH<=0,976	0,976<pII<=1

Количество переходов в состояния:
A  :  6115
B  :  5341
C  :  5020
D  :  5997
E  :  6454
F  :  6387
G  :  4394
H  :  5134
I  :  5158

Критерий согласия Хи-квадрат = 45,4900054397023

Экспериментальная матрица, возведенная в степень 50000:
0,122	0,107	0,100	0,120	0,129	0,128	0,088	0,103	0,103	
0,122	0,107	0,100	0,120	0,129	0,128	0,088	0,103	0,103	
0,122	0,107	0,100	0,120	0,129	0,128	0,088	0,103	0,103	
0,122	0,107	0,100	0,120	0,129	0,128	0,088	0,103	0,103	
0,122	0,107	0,100	0,120	0,129	0,128	0,088	0,103	0,103	
0,122	0,107	0,100	0,120	0,129	0,128	0,088	0,103	0,103	
0,122	0,107	0,100	0,120	0,129	0,128	0,088	0,103	0,103	
0,122	0,107	0,100	0,120	0,129	0,128	0,088	0,103	0,103	
0,122	0,107	0,100	0,120	0,129	0,128	0,088	0,103	0,103	

\====================================================================/

Теоретическая матрица:
0,095	0,122	0,018	0,136	0,105	0,150	0,113	0,151	0,110	
0,066	0,151	0,083	0,116	0,178	0,098	0,132	0,122	0,054	
0,158	0,178	0,109	0,134	0,139	0,046	0,030	0,027	0,179	
0,192	0,192	0,112	0,004	0,187	0,187	0,021	0,059	0,046	
0,029	0,029	0,104	0,098	0,079	0,142	0,163	0,153	0,203	
0,220	0,003	0,146	0,134	0,070	0,064	0,157	0,070	0,136	
0,129	0,190	0,014	0,181	0,152	0,113	0,010	0,182	0,029	
0,045	0,070	0,203	0,126	0,111	0,147	0,068	0,121	0,109	
0,155	0,070	0,109	0,174	0,181	0,195	0,051	0,041	0,024	

Начальное состояние:	A
Число переходов:	100000
Экспериментальная матрица переходов:
0,095	0,121	0,019	0,136	0,105	0,147	0,117	0,143	0,117	
0,061	0,153	0,083	0,116	0,177	0,098	0,131	0,126	0,055	
0,161	0,180	0,108	0,133	0,139	0,050	0,032	0,025	0,173	
0,199	0,190	0,113	0,003	0,181	0,183	0,020	0,063	0,048	
0,030	0,029	0,109	0,096	0,077	0,141	0,160	0,154	0,204	
0,213	0,003	0,150	0,133	0,068	0,068	0,158	0,069	0,137	
0,128	0,182	0,014	0,180	0,159	0,118	0,009	0,181	0,030	
0,044	0,066	0,202	0,124	0,113	0,142	0,067	0,126	0,115	
0,156	0,069	0,105	0,174	0,179	0,197	0,053	0,040	0,026	

Матрица граничных условий:
0<=pAA<=0,095	0,095<pAB<=0,217	0,217<pAC<=0,235	0,235<pAD<=0,371	0,371<pAE<=0,476	0,476<pAF<=0,626	0,626<pAG<=0,739	0,739<pAH<=0,89	0,89<pAI<=1
0<=pBA<=0,066	0,066<pBB<=0,217	0,217<pBC<=0,3	0,3<pBD<=0,416	0,416<pBE<=0,594	0,594<pBF<=0,692	0,692<pBG<=0,824	0,824<pBH<=0,946	0,946<pBI<=1
0<=pCA<=0,158	0,158<pCB<=0,336	0,336<pCC<=0,445	0,445<pCD<=0,579	0,579<pCE<=0,718	0,718<pCF<=0,764	0,764<pCG<=0,794	0,794<pCH<=0,821	0,821<pCI<=1
0<=pDA<=0,192	0,192<pDB<=0,384	0,384<pDC<=0,496	0,496<pDD<=0,5	0,5<pDE<=0,687	0,687<pDF<=0,874	0,874<pDG<=0,895	0,895<pDH<=0,954	0,954<pDI<=1
0<=pEA<=0,029	0,029<pEB<=0,058	0,058<pEC<=0,162	0,162<pED<=0,26	0,26<pEE<=0,339	0,339<pEF<=0,481	0,481<pEG<=0,644	0,644<pEH<=0,797	0,797<pEI<=1
0<=pFA<=0,22	0,22<pFB<=0,223	0,223<pFC<=0,369	0,369<pFD<=0,503	0,503<pFE<=0,573	0,573<pFF<=0,637	0,637<pFG<=0,794	0,794<pFH<=0,864	0,864<pFI<=1
0<=pGA<=0,129	0,129<pGB<=0,319	0,319<pGC<=0,333	0,333<pGD<=0,514	0,514<pGE<=0,666	0,666<pGF<=0,779	0,779<pGG<=0,789	0,789<pGH<=0,971	0,971<pGI<=1
0<=pHA<=0,045	0,045<pHB<=0,115	0,115<pHC<=0,318	0,318<pHD<=0,444	0,444<pHE<=0,555	0,555<pHF<=0,702	0,702<pHG<=0,77	0,77<pHH<=0,891	0,891<pHI<=1
0<=pIA<=0,155	0,155<pIB<=0,225	0,225<pIC<=0,334	0,334<pID<=0,508	0,508<pIE<=0,689	0,689<pIF<=0,884	0,884<pIG<=0,935	0,935<pIH<=0,976	0,976<pII<=1

Количество переходов в состояния:
A  :  12126
B  :  10582
C  :  10159
D  :  11892
E  :  13017
F  :  12737
G  :  8787
H  :  10243
I  :  10457

Критерий согласия Хи-квадрат = 82,7258707654843

Экспериментальная матрица, возведенная в степень 100000:
0,121	0,106	0,102	0,119	0,130	0,127	0,088	0,102	0,105	
0,121	0,106	0,102	0,119	0,130	0,127	0,088	0,102	0,105	
0,121	0,106	0,102	0,119	0,130	0,127	0,088	0,102	0,105	
0,121	0,106	0,102	0,119	0,130	0,127	0,088	0,102	0,105	
0,121	0,106	0,102	0,119	0,130	0,127	0,088	0,102	0,105	
0,121	0,106	0,102	0,119	0,130	0,127	0,088	0,102	0,105	
0,121	0,106	0,102	0,119	0,130	0,127	0,088	0,102	0,105	
0,121	0,106	0,102	0,119	0,130	0,127	0,088	0,102	0,105	
0,121	0,106	0,102	0,119	0,130	0,127	0,088	0,102	0,105	